<?xml version="1.0" encoding="UTF-8"?>
<!-- Generated by org.testng.reporters.JUnitReportReporter -->
<testsuite skipped="0" hostname="DESKTOP-AM810LT" name="patterns.Star_Pattern_2" tests="1" failures="0" timestamp="10 Feb 2019 14:10:54 GMT" time="0.002" errors="0">
  <testcase name="starPattern" time="0.002" classname="patterns.Star_Pattern_2"/>
</testsuite> <!-- patterns.Star_Pattern_2 -->
